  Particle.cpp
  ParticleSystem.cpp
  main.cpp
  ofApp.cpp
C:\Program Files\Programming Languages\OpenFrameworks\of_v0.10.1_vs2017_release\libs\openFrameworks\math\ofMatrix4x4.h(326,1): warning C4267:  'argument': conversion from 'size_t' to 'int', possible loss of data (compiling source file src\main.cpp)
C:\Program Files\Programming Languages\OpenFrameworks\of_v0.10.1_vs2017_release\libs\openFrameworks\math\ofMatrix4x4.h(331,1): warning C4267:  'argument': conversion from 'size_t' to 'int', possible loss of data (compiling source file src\main.cpp)
C:\Program Files\Programming Languages\OpenFrameworks\of_v0.10.1_vs2017_release\libs\openFrameworks\math\ofMatrix4x4.h(912,12): warning C4267:  'argument': conversion from 'size_t' to 'int', possible loss of data (compiling source file src\main.cpp)
C:\Program Files\Programming Languages\OpenFrameworks\of_v0.10.1_vs2017_release\libs\openFrameworks\math\ofMatrix4x4.h(913,12): warning C4267:  'argument': conversion from 'size_t' to 'int', possible loss of data (compiling source file src\main.cpp)
C:\Program Files\Programming Languages\OpenFrameworks\of_v0.10.1_vs2017_release\libs\openFrameworks\math\ofMatrix4x4.h(914,12): warning C4267:  'argument': conversion from 'size_t' to 'int', possible loss of data (compiling source file src\main.cpp)
C:\Program Files\Programming Languages\OpenFrameworks\of_v0.10.1_vs2017_release\libs\openFrameworks\math\ofMatrix4x4.h(915,12): warning C4267:  'argument': conversion from 'size_t' to 'int', possible loss of data (compiling source file src\main.cpp)
C:\Program Files\Programming Languages\OpenFrameworks\of_v0.10.1_vs2017_release\libs\openFrameworks\math\ofMatrix4x4.h(326,1): warning C4267:  'argument': conversion from 'size_t' to 'int', possible loss of data (compiling source file src\Particle.cpp)
C:\Program Files\Programming Languages\OpenFrameworks\of_v0.10.1_vs2017_release\libs\openFrameworks\math\ofMatrix4x4.h(331,1): warning C4267:  'argument': conversion from 'size_t' to 'int', possible loss of data (compiling source file src\Particle.cpp)
C:\Program Files\Programming Languages\OpenFrameworks\of_v0.10.1_vs2017_release\libs\openFrameworks\math\ofMatrix4x4.h(326,1): warning C4267:  'argument': conversion from 'size_t' to 'int', possible loss of data (compiling source file src\ofApp.cpp)
C:\Program Files\Programming Languages\OpenFrameworks\of_v0.10.1_vs2017_release\libs\openFrameworks\math\ofMatrix4x4.h(331,1): warning C4267:  'argument': conversion from 'size_t' to 'int', possible loss of data (compiling source file src\ofApp.cpp)
C:\Program Files\Programming Languages\OpenFrameworks\of_v0.10.1_vs2017_release\libs\openFrameworks\math\ofMatrix4x4.h(912,12): warning C4267:  'argument': conversion from 'size_t' to 'int', possible loss of data (compiling source file src\Particle.cpp)
C:\Program Files\Programming Languages\OpenFrameworks\of_v0.10.1_vs2017_release\libs\openFrameworks\math\ofMatrix4x4.h(913,12): warning C4267:  'argument': conversion from 'size_t' to 'int', possible loss of data (compiling source file src\Particle.cpp)
C:\Program Files\Programming Languages\OpenFrameworks\of_v0.10.1_vs2017_release\libs\openFrameworks\math\ofMatrix4x4.h(914,12): warning C4267:  'argument': conversion from 'size_t' to 'int', possible loss of data (compiling source file src\Particle.cpp)
C:\Program Files\Programming Languages\OpenFrameworks\of_v0.10.1_vs2017_release\libs\openFrameworks\math\ofMatrix4x4.h(915,12): warning C4267:  'argument': conversion from 'size_t' to 'int', possible loss of data (compiling source file src\Particle.cpp)
C:\Program Files\Programming Languages\OpenFrameworks\of_v0.10.1_vs2017_release\libs\openFrameworks\math\ofMatrix4x4.h(912,12): warning C4267:  'argument': conversion from 'size_t' to 'int', possible loss of data (compiling source file src\ofApp.cpp)
C:\Program Files\Programming Languages\OpenFrameworks\of_v0.10.1_vs2017_release\libs\openFrameworks\math\ofMatrix4x4.h(913,12): warning C4267:  'argument': conversion from 'size_t' to 'int', possible loss of data (compiling source file src\ofApp.cpp)
C:\Program Files\Programming Languages\OpenFrameworks\of_v0.10.1_vs2017_release\libs\openFrameworks\math\ofMatrix4x4.h(914,12): warning C4267:  'argument': conversion from 'size_t' to 'int', possible loss of data (compiling source file src\ofApp.cpp)
C:\Program Files\Programming Languages\OpenFrameworks\of_v0.10.1_vs2017_release\libs\openFrameworks\math\ofMatrix4x4.h(915,12): warning C4267:  'argument': conversion from 'size_t' to 'int', possible loss of data (compiling source file src\ofApp.cpp)
C:\Program Files\Programming Languages\OpenFrameworks\of_v0.10.1_vs2017_release\libs\openFrameworks\math\ofMatrix4x4.h(326,1): warning C4267:  'argument': conversion from 'size_t' to 'int', possible loss of data (compiling source file src\ParticleSystem.cpp)
C:\Program Files\Programming Languages\OpenFrameworks\of_v0.10.1_vs2017_release\libs\openFrameworks\math\ofMatrix4x4.h(331,1): warning C4267:  'argument': conversion from 'size_t' to 'int', possible loss of data (compiling source file src\ParticleSystem.cpp)
C:\Program Files\Programming Languages\OpenFrameworks\of_v0.10.1_vs2017_release\libs\openFrameworks\math\ofMatrix4x4.h(912,12): warning C4267:  'argument': conversion from 'size_t' to 'int', possible loss of data (compiling source file src\ParticleSystem.cpp)
C:\Program Files\Programming Languages\OpenFrameworks\of_v0.10.1_vs2017_release\libs\openFrameworks\math\ofMatrix4x4.h(913,12): warning C4267:  'argument': conversion from 'size_t' to 'int', possible loss of data (compiling source file src\ParticleSystem.cpp)
C:\Program Files\Programming Languages\OpenFrameworks\of_v0.10.1_vs2017_release\libs\openFrameworks\math\ofMatrix4x4.h(914,12): warning C4267:  'argument': conversion from 'size_t' to 'int', possible loss of data (compiling source file src\ParticleSystem.cpp)
C:\Program Files\Programming Languages\OpenFrameworks\of_v0.10.1_vs2017_release\libs\openFrameworks\math\ofMatrix4x4.h(915,12): warning C4267:  'argument': conversion from 'size_t' to 'int', possible loss of data (compiling source file src\ParticleSystem.cpp)
     Creating library bin\CFP_lab_homework_2_debug.lib and object bin\CFP_lab_homework_2_debug.exp
  CFP_lab_homework_2.vcxproj -> C:\Program Files\Programming Languages\OpenFrameworks\of_v0.10.1_vs2017_release\apps\Computational_Form_and_Process\Assignments\CFP_lab_homework_2\bin\CFP_lab_homework_2_debug.exe
  
  	                   2	C:\Program Files\Programming Languages\OpenFrameworks\of_v0.10.1_vs2017_release\libs\fmodex\lib\vs\x64\
  	  *EXTRA File 		 6942208	C:\Program Files\Programming Languages\OpenFrameworks\of_v0.10.1_vs2017_release\apps\Computational_Form_and_Process\Assignments\CFP_lab_homework_2\bin\FreeImage.dll
  
  	                   1	C:\Program Files\Programming Languages\OpenFrameworks\of_v0.10.1_vs2017_release\libs\FreeImage\lib\vs\x64\
  	  *EXTRA File 		 1503232	C:\Program Files\Programming Languages\OpenFrameworks\of_v0.10.1_vs2017_release\apps\Computational_Form_and_Process\Assignments\CFP_lab_homework_2\bin\fmodex64.dll
  	  *EXTRA File 		 1552384	C:\Program Files\Programming Languages\OpenFrameworks\of_v0.10.1_vs2017_release\apps\Computational_Form_and_Process\Assignments\CFP_lab_homework_2\bin\fmodexL64.dll
